<?xml version="1.0" encoding="UTF-8"?>
<testng-results ignored="0" total="1" passed="1" failed="0" skipped="0">
  <reporter-output>
  </reporter-output>
  <suite started-at="2020-03-16T22:40:33 CET" name="Default suite" finished-at="2020-03-16T22:40:36 CET" duration-ms="2877">
    <groups>
    </groups>
    <test started-at="2020-03-16T22:40:33 CET" name="Default test" finished-at="2020-03-16T22:40:36 CET" duration-ms="2877">
      <class name="com.qa.rest.test.GetCallBDD">
        <test-method signature="test_GetUser()[pri:0, instance:com.qa.rest.test.GetCallBDD@53ca01a2]" started-at="2020-03-16T22:40:33 CET" name="test_GetUser" finished-at="2020-03-16T22:40:36 CET" duration-ms="2836" status="PASS">
          <reporter-output>
          </reporter-output>
        </test-method> <!-- test_GetUser -->
      </class> <!-- com.qa.rest.test.GetCallBDD -->
    </test> <!-- Default test -->
  </suite> <!-- Default suite -->
</testng-results>
